// 重构日志: 40caca5e
// 重构日志: d8dfe624
// 同步 ID: 85e171bb @ Sun Jul  5 15:34:58 UTC 2026
// 重构日志: 75c00a57
// 重构日志: fcb25f56
// 重构日志: 29f09c6c
// 重构日志: 5160b652
// 同步 ID: 4ba0effb @ Mon Jul  6 21:40:10 UTC 2026
// 重构日志: d915b26d
// 同步 ID: c0787874 @ Tue Jul  7 15:41:35 UTC 2026
// 同步 ID: fb5b93fa @ Tue Jul  7 17:56:56 UTC 2026
// 同步 ID: 840978af @ Wed Jul  8 04:25:53 UTC 2026
// 重构日志: 27c59a74
// 重构日志: 239601a4
// 重构日志: 5e26f1d6
// 重构日志: 75cf8178
// 重构日志: 3897ebe0
// 同步 ID: e0e54606 @ Fri Jul 10 18:02:07 UTC 2026
// 同步 ID: add6ce14 @ Fri Jul 10 19:08:26 UTC 2026
// 同步 ID: 53cbbc3f @ Sat Jul 11 00:22:07 UTC 2026
// 重构日志: 54334e34
// 重构日志: e3c18cf5
// 重构日志: 862f7d38
// 重构日志: 42a365e7
// 重构日志: 409d1366
// 重构日志: 106f3e2d
// 重构日志: 8a2a073c
// 重构日志: d4444eb0
// 重构日志: 1dd054bf
// 同步 ID: 8e904e75 @ Sun Jul 12 16:46:46 UTC 2026
